<?xml version="1.0" encoding="UTF-8"?>
<testng-results skipped="0" failed="1" ignored="9" total="13" passed="3">
  <reporter-output>
  </reporter-output>
  <suite name="Suite" duration-ms="117313" started-at="2019-09-24T12:51:15 IST" finished-at="2019-09-24T12:53:12 IST">
    <groups>
    </groups>
    <test name="Test" duration-ms="117313" started-at="2019-09-24T12:51:15 IST" finished-at="2019-09-24T12:53:12 IST">
      <class name="com.phptravells.script.CarTwoBooking">
        <test-method status="PASS" signature="carTwoBooking(java.lang.String, java.lang.String, java.lang.String)[pri:3, instance:com.phptravells.script.CarTwoBooking@4bec1f0c]" name="carTwoBooking" duration-ms="33230" started-at="2019-09-24T12:52:23 IST" data-provider="CartwoBooking" finished-at="2019-09-24T12:52:56 IST">
          <params>
            <param index="0">
              <value>
                <![CDATA[Nile Egypt]]>
              </value>
            </param>
            <param index="1">
              <value>
                <![CDATA[12/10/2019]]>
              </value>
            </param>
            <param index="2">
              <value>
                <![CDATA[13/10/2019]]>
              </value>
            </param>
          </params>
          <reporter-output>
          </reporter-output>
        </test-method> <!-- carTwoBooking -->
        <test-method status="PASS" signature="tearDown(org.testng.ITestResult)[pri:0, instance:com.phptravells.script.CarTwoBooking@4bec1f0c]" name="tearDown" is-config="true" duration-ms="380" started-at="2019-09-24T12:52:56 IST" finished-at="2019-09-24T12:52:56 IST">
          <params>
            <param index="0">
              <value>
                <![CDATA[[TestResult name=carTwoBooking status=SUCCESS method=CarTwoBooking.carTwoBooking(java.lang.String, java.lang.String, java.lang.String)[pri:3, instance:com.phptravells.script.CarTwoBooking@4bec1f0c] output={null}]]]>
              </value>
            </param>
          </params>
          <reporter-output>
          </reporter-output>
        </test-method> <!-- tearDown -->
      </class> <!-- com.phptravells.script.CarTwoBooking -->
      <class name="com.phptravells.script.LoginPage">
        <test-method status="PASS" signature="startReport()[pri:0, instance:com.phptravells.script.LoginPage@3159c4b8]" name="startReport" is-config="true" duration-ms="313" started-at="2019-09-24T12:51:14 IST" finished-at="2019-09-24T12:51:15 IST">
          <reporter-output>
          </reporter-output>
        </test-method> <!-- startReport -->
        <test-method status="PASS" signature="configSetup()[pri:0, instance:com.phptravells.script.LoginPage@3159c4b8]" name="configSetup" is-config="true" duration-ms="17069" started-at="2019-09-24T12:51:15 IST" finished-at="2019-09-24T12:51:32 IST">
          <reporter-output>
          </reporter-output>
        </test-method> <!-- configSetup -->
        <test-method status="PASS" signature="loginPage(java.lang.String, java.lang.String)[pri:1, instance:com.phptravells.script.LoginPage@3159c4b8]" name="loginPage" duration-ms="21205" started-at="2019-09-24T12:51:33 IST" data-provider="logininput" finished-at="2019-09-24T12:51:54 IST">
          <params>
            <param index="0">
              <value>
                <![CDATA[user@phptravels.com]]>
              </value>
            </param>
            <param index="1">
              <value>
                <![CDATA[demouser]]>
              </value>
            </param>
          </params>
          <reporter-output>
          </reporter-output>
        </test-method> <!-- loginPage -->
        <test-method status="PASS" signature="tearDown(org.testng.ITestResult)[pri:0, instance:com.phptravells.script.LoginPage@3159c4b8]" name="tearDown" is-config="true" duration-ms="1697" started-at="2019-09-24T12:51:54 IST" finished-at="2019-09-24T12:51:56 IST">
          <params>
            <param index="0">
              <value>
                <![CDATA[[TestResult name=loginPage status=SUCCESS method=LoginPage.loginPage(java.lang.String, java.lang.String)[pri:1, instance:com.phptravells.script.LoginPage@3159c4b8] output={null}]]]>
              </value>
            </param>
          </params>
          <reporter-output>
          </reporter-output>
        </test-method> <!-- tearDown -->
        <test-method status="PASS" signature="endReport()[pri:0, instance:com.phptravells.script.LoginPage@3159c4b8]" name="endReport" is-config="true" duration-ms="1600" started-at="2019-09-24T12:53:12 IST" finished-at="2019-09-24T12:53:14 IST">
          <reporter-output>
          </reporter-output>
        </test-method> <!-- endReport -->
      </class> <!-- com.phptravells.script.LoginPage -->
      <class name="com.phptravells.script.CarBookPayNow">
        <test-method status="PASS" signature="carTwoBookingPayNow(java.lang.String, java.lang.String, java.lang.String, java.lang.String)[pri:4, instance:com.phptravells.script.CarBookPayNow@29ca901e]" name="carTwoBookingPayNow" duration-ms="15237" started-at="2019-09-24T12:52:56 IST" data-provider="CartwoBookingpaynow" finished-at="2019-09-24T12:53:12 IST">
          <params>
            <param index="0">
              <value>
                <![CDATA[Mohit]]>
              </value>
            </param>
            <param index="1">
              <value>
                <![CDATA[Jaiswal]]>
              </value>
            </param>
            <param index="2">
              <value>
                <![CDATA[1234567892]]>
              </value>
            </param>
            <param index="3">
              <value>
                <![CDATA[900]]>
              </value>
            </param>
          </params>
          <reporter-output>
          </reporter-output>
        </test-method> <!-- carTwoBookingPayNow -->
        <test-method status="PASS" signature="tearDown(org.testng.ITestResult)[pri:0, instance:com.phptravells.script.CarBookPayNow@29ca901e]" name="tearDown" is-config="true" duration-ms="411" started-at="2019-09-24T12:53:12 IST" finished-at="2019-09-24T12:53:12 IST">
          <params>
            <param index="0">
              <value>
                <![CDATA[[TestResult name=carTwoBookingPayNow status=SUCCESS method=CarBookPayNow.carTwoBookingPayNow(java.lang.String, java.lang.String, java.lang.String, java.lang.String)[pri:4, instance:com.phptravells.script.CarBookPayNow@29ca901e] output={null}]]]>
              </value>
            </param>
          </params>
          <reporter-output>
          </reporter-output>
        </test-method> <!-- tearDown -->
      </class> <!-- com.phptravells.script.CarBookPayNow -->
      <class name="com.phptravells.script.CarFirstBookingPayArrival">
        <test-method status="FAIL" signature="carBookinPayArrival(java.lang.String, java.lang.String, java.lang.String)[pri:2, instance:com.phptravells.script.CarFirstBookingPayArrival@73846619]" name="carBookinPayArrival" duration-ms="26131" started-at="2019-09-24T12:51:56 IST" data-provider="CarBooking" finished-at="2019-09-24T12:52:22 IST">
          <params>
            <param index="0">
              <value>
                <![CDATA[Manchester]]>
              </value>
            </param>
            <param index="1">
              <value>
                <![CDATA[21/10/2019]]>
              </value>
            </param>
            <param index="2">
              <value>
                <![CDATA[31/10/2019]]>
              </value>
            </param>
          </params>
          <exception class="org.openqa.selenium.UnhandledAlertException">
            <message>
              <![CDATA[unexpected alert open: {Alert text : Are you sure you want to pay at arrival?}
  (Session info: chrome=77.0.3865.90): Are you sure you want to pay at arrival?
Build info: version: '4.0.0-alpha-2', revision: 'f148142cf8', time: '2019-07-01T20:55:26'
System info: host: 'ATMECSINLT-065', ip: '55.55.52.104', os.name: 'Windows 10', os.arch: 'amd64', os.version: '10.0', java.version: '1.8.0_221'
Driver info: org.openqa.selenium.chrome.ChromeDriver
Capabilities {acceptInsecureCerts: false, browserName: chrome, browserVersion: 77.0.3865.90, chrome: {chromedriverVersion: 76.0.3809.126 (d80a294506b4..., userDataDir: C:\Users\MOHIT~1.JAI\AppDat...}, goog:chromeOptions: {debuggerAddress: localhost:54313}, javascriptEnabled: true, networkConnectionEnabled: false, pageLoadStrategy: normal, platform: XP, platformName: XP, proxy: Proxy(), setWindowRect: true, strictFileInteractability: false, timeouts: {implicit: 0, pageLoad: 300000, script: 30000}, unhandledPromptBehavior: dismiss and notify}
Session ID: 87bf01bd8738740161167bf6b4201f00
*** Element info: {Using=xpath, value=//button[text()='Pay on Arrival']}]]>
            </message>
            <full-stacktrace>
              <![CDATA[org.openqa.selenium.UnhandledAlertException: unexpected alert open: {Alert text : Are you sure you want to pay at arrival?}
  (Session info: chrome=77.0.3865.90): Are you sure you want to pay at arrival?
Build info: version: '4.0.0-alpha-2', revision: 'f148142cf8', time: '2019-07-01T20:55:26'
System info: host: 'ATMECSINLT-065', ip: '55.55.52.104', os.name: 'Windows 10', os.arch: 'amd64', os.version: '10.0', java.version: '1.8.0_221'
Driver info: org.openqa.selenium.chrome.ChromeDriver
Capabilities {acceptInsecureCerts: false, browserName: chrome, browserVersion: 77.0.3865.90, chrome: {chromedriverVersion: 76.0.3809.126 (d80a294506b4..., userDataDir: C:\Users\MOHIT~1.JAI\AppDat...}, goog:chromeOptions: {debuggerAddress: localhost:54313}, javascriptEnabled: true, networkConnectionEnabled: false, pageLoadStrategy: normal, platform: XP, platformName: XP, proxy: Proxy(), setWindowRect: true, strictFileInteractability: false, timeouts: {implicit: 0, pageLoad: 300000, script: 30000}, unhandledPromptBehavior: dismiss and notify}
Session ID: 87bf01bd8738740161167bf6b4201f00
*** Element info: {Using=xpath, value=//button[text()='Pay on Arrival']}
at org.openqa.selenium.remote.codec.w3c.W3CHttpResponseCodec.decode(W3CHttpResponseCodec.java:123)
at org.openqa.selenium.remote.codec.w3c.W3CHttpResponseCodec.decode(W3CHttpResponseCodec.java:52)
at org.openqa.selenium.remote.HttpCommandExecutor.execute(HttpCommandExecutor.java:161)
at org.openqa.selenium.remote.service.DriverCommandExecutor.execute(DriverCommandExecutor.java:83)
at org.openqa.selenium.remote.RemoteWebDriver.execute(RemoteWebDriver.java:576)
at org.openqa.selenium.remote.RemoteWebDriver.findElement(RemoteWebDriver.java:327)
at org.openqa.selenium.remote.RemoteWebDriver.findElementByXPath(RemoteWebDriver.java:445)
at org.openqa.selenium.By$ByXPath.findElement(By.java:353)
at org.openqa.selenium.remote.RemoteWebDriver.findElement(RemoteWebDriver.java:319)
at com.phptravells.helper.CommonUtility$1.apply(CommonUtility.java:35)
at com.phptravells.helper.CommonUtility$1.apply(CommonUtility.java:1)
at org.openqa.selenium.support.ui.FluentWait.until(FluentWait.java:211)
at com.phptravells.helper.CommonUtility.clickElement(CommonUtility.java:33)
at com.phptravells.pages.CarFirstBookingPayArrivalFlow.carFirstPayArrival1(CarFirstBookingPayArrivalFlow.java:88)
at com.phptravells.script.CarFirstBookingPayArrival.carBookinPayArrival(CarFirstBookingPayArrival.java:48)
at sun.reflect.NativeMethodAccessorImpl.invoke0(Native Method)
at sun.reflect.NativeMethodAccessorImpl.invoke(Unknown Source)
at sun.reflect.DelegatingMethodAccessorImpl.invoke(Unknown Source)
at java.lang.reflect.Method.invoke(Unknown Source)
at org.testng.internal.MethodInvocationHelper.invokeMethod(MethodInvocationHelper.java:133)
at org.testng.internal.TestInvoker.invokeMethod(TestInvoker.java:584)
at org.testng.internal.TestInvoker.invokeTestMethod(TestInvoker.java:172)
at org.testng.internal.MethodRunner.runInSequence(MethodRunner.java:46)
at org.testng.internal.TestInvoker$MethodInvocationAgent.invoke(TestInvoker.java:804)
at org.testng.internal.TestInvoker.invokeTestMethods(TestInvoker.java:145)
at org.testng.internal.TestMethodWorker.invokeTestMethods(TestMethodWorker.java:146)
at org.testng.internal.TestMethodWorker.run(TestMethodWorker.java:128)
at java.util.ArrayList.forEach(Unknown Source)
at org.testng.TestRunner.privateRun(TestRunner.java:770)
at org.testng.TestRunner.run(TestRunner.java:591)
at org.testng.SuiteRunner.runTest(SuiteRunner.java:402)
at org.testng.SuiteRunner.runSequentially(SuiteRunner.java:396)
at org.testng.SuiteRunner.privateRun(SuiteRunner.java:355)
at org.testng.SuiteRunner.run(SuiteRunner.java:304)
at org.testng.SuiteRunnerWorker.runSuite(SuiteRunnerWorker.java:53)
at org.testng.SuiteRunnerWorker.run(SuiteRunnerWorker.java:96)
at org.testng.TestNG.runSuitesSequentially(TestNG.java:1180)
at org.testng.TestNG.runSuitesLocally(TestNG.java:1102)
at org.testng.TestNG.runSuites(TestNG.java:1032)
at org.testng.TestNG.run(TestNG.java:1000)
at org.apache.maven.surefire.testng.TestNGExecutor.run(TestNGExecutor.java:283)
at org.apache.maven.surefire.testng.TestNGXmlTestSuite.execute(TestNGXmlTestSuite.java:75)
at org.apache.maven.surefire.testng.TestNGProvider.invoke(TestNGProvider.java:120)
at org.apache.maven.surefire.booter.ForkedBooter.invokeProviderInSameClassLoader(ForkedBooter.java:384)
at org.apache.maven.surefire.booter.ForkedBooter.runSuitesInProcess(ForkedBooter.java:345)
at org.apache.maven.surefire.booter.ForkedBooter.execute(ForkedBooter.java:126)
at org.apache.maven.surefire.booter.ForkedBooter.main(ForkedBooter.java:418)
]]>
            </full-stacktrace>
          </exception> <!-- org.openqa.selenium.UnhandledAlertException -->
          <reporter-output>
          </reporter-output>
        </test-method> <!-- carBookinPayArrival -->
        <test-method status="PASS" signature="tearDown(org.testng.ITestResult)[pri:0, instance:com.phptravells.script.CarFirstBookingPayArrival@73846619]" name="tearDown" is-config="true" duration-ms="391" started-at="2019-09-24T12:52:22 IST" finished-at="2019-09-24T12:52:23 IST">
          <params>
            <param index="0">
              <value>
                <![CDATA[[TestResult name=carBookinPayArrival status=FAILURE method=CarFirstBookingPayArrival.carBookinPayArrival(java.lang.String, java.lang.String, java.lang.String)[pri:2, instance:com.phptravells.script.CarFirstBookingPayArrival@73846619] output={null}]]]>
              </value>
            </param>
          </params>
          <reporter-output>
          </reporter-output>
        </test-method> <!-- tearDown -->
      </class> <!-- com.phptravells.script.CarFirstBookingPayArrival -->
    </test> <!-- Test -->
  </suite> <!-- Suite -->
</testng-results>
