<?xml version="1.0" encoding="UTF-8"?>
<!-- Generated by org.testng.reporters.JUnitXMLReporter -->
<testsuite hostname="ATMECSINLT-065" ignored="3" name="Test" tests="4" failures="0" timestamp="2019-09-13T20:37:45 IST" time="80.353" errors="0">
  <testcase name="loginPage" time="8.105" classname="com.phptravells.LoginPage"/>
  <testcase name="carBookinPayArrival" time="28.25" classname="com.phptravells.CarFirstBookingPayArrival"/>
  <testcase name="carTwoBooking" time="26.016" classname="com.phptravells.CarTwoBooking"/>
  <testcase name="carTwoBookingPayNow" time="14.708" classname="com.phptravells.CarBookPayNow"/>
  <testcase name="@BeforeSuite configSetup" time="0.0" classname="com.phptravells.Driver.Driver_Class">
    <ignored/>
  </testcase> <!-- @BeforeSuite configSetup -->
  <testcase name="@BeforeSuite configSetup" time="0.0" classname="com.phptravells.Driver.Driver_Class">
    <ignored/>
  </testcase> <!-- @BeforeSuite configSetup -->
  <testcase name="@BeforeSuite configSetup" time="0.0" classname="com.phptravells.Driver.Driver_Class">
    <ignored/>
  </testcase> <!-- @BeforeSuite configSetup -->
</testsuite> <!-- Test -->
