<?xml version="1.0" encoding="UTF-8"?>
<!-- Generated by org.testng.reporters.JUnitXMLReporter -->
<testsuite hostname="ATMECSINLT-065" ignored="9" name="Test" tests="4" failures="0" timestamp="24 Sep 2019 08:47:27 GMT" time="108.989" errors="0">
  <testcase name="loginPage" time="19.788" classname="com.phptravells.script.LoginPage"/>
  <testcase name="carBookinPayArrival" time="28.229" classname="com.phptravells.script.CarFirstBookingPayArrival"/>
  <testcase name="carTwoBooking" time="28.895" classname="com.phptravells.script.CarTwoBooking"/>
  <testcase name="carTwoBookingPayNow" time="12.106" classname="com.phptravells.script.CarBookPayNow"/>
  <testcase name="@BeforeTest configSetup" time="0.0" classname="com.phptravells.driver.Driver_Class">
    <ignored/>
  </testcase> <!-- @BeforeTest configSetup -->
  <testcase name="@BeforeTest configSetup" time="0.0" classname="com.phptravells.driver.Driver_Class">
    <ignored/>
  </testcase> <!-- @BeforeTest configSetup -->
  <testcase name="@BeforeTest configSetup" time="0.0" classname="com.phptravells.driver.Driver_Class">
    <ignored/>
  </testcase> <!-- @BeforeTest configSetup -->
  <testcase name="@BeforeSuite startReport" time="0.0" classname="com.phpautomation.extendreport.Extent">
    <ignored/>
  </testcase> <!-- @BeforeSuite startReport -->
  <testcase name="@BeforeSuite startReport" time="0.0" classname="com.phpautomation.extendreport.Extent">
    <ignored/>
  </testcase> <!-- @BeforeSuite startReport -->
  <testcase name="@BeforeSuite startReport" time="0.0" classname="com.phpautomation.extendreport.Extent">
    <ignored/>
  </testcase> <!-- @BeforeSuite startReport -->
  <testcase name="@AfterSuite endReport" time="0.0" classname="com.phpautomation.extendreport.Extent">
    <ignored/>
  </testcase> <!-- @AfterSuite endReport -->
  <testcase name="@AfterSuite endReport" time="0.0" classname="com.phpautomation.extendreport.Extent">
    <ignored/>
  </testcase> <!-- @AfterSuite endReport -->
  <testcase name="@AfterSuite endReport" time="0.0" classname="com.phpautomation.extendreport.Extent">
    <ignored/>
  </testcase> <!-- @AfterSuite endReport -->
</testsuite> <!-- Test -->
