<?xml version="1.0" encoding="UTF-8"?>
<testng-results skipped="0" failed="0" ignored="9" total="13" passed="4">
  <reporter-output>
  </reporter-output>
  <suite name="Suite" duration-ms="102239" started-at="2019-09-19T08:05:29Z" finished-at="2019-09-19T08:07:11Z">
    <groups>
    </groups>
    <test name="Test" duration-ms="102239" started-at="2019-09-19T08:05:29Z" finished-at="2019-09-19T08:07:11Z">
      <class name="com.phptravells.script.CarTwoBooking">
        <test-method status="PASS" signature="carTwoBooking(java.lang.String, java.lang.String, java.lang.String)[pri:3, instance:com.phptravells.script.CarTwoBooking@4cf777e8]" name="carTwoBooking" duration-ms="27465" started-at="2019-09-19T08:06:30Z" data-provider="CartwoBooking" finished-at="2019-09-19T08:06:58Z">
          <params>
            <param index="0">
              <value>
                <![CDATA[Nile Egypt]]>
              </value>
            </param>
            <param index="1">
              <value>
                <![CDATA[12/10/2019]]>
              </value>
            </param>
            <param index="2">
              <value>
                <![CDATA[13/10/2019]]>
              </value>
            </param>
          </params>
          <reporter-output>
          </reporter-output>
        </test-method> <!-- carTwoBooking -->
        <test-method status="PASS" signature="tearDown(org.testng.ITestResult)[pri:0, instance:com.phptravells.script.CarTwoBooking@4cf777e8]" name="tearDown" is-config="true" duration-ms="399" started-at="2019-09-19T08:06:58Z" finished-at="2019-09-19T08:06:58Z">
          <params>
            <param index="0">
              <value>
                <![CDATA[[TestResult name=carTwoBooking status=SUCCESS method=CarTwoBooking.carTwoBooking(java.lang.String, java.lang.String, java.lang.String)[pri:3, instance:com.phptravells.script.CarTwoBooking@4cf777e8] output={null}]]]>
              </value>
            </param>
          </params>
          <reporter-output>
          </reporter-output>
        </test-method> <!-- tearDown -->
      </class> <!-- com.phptravells.script.CarTwoBooking -->
      <class name="com.phptravells.script.LoginPage">
        <test-method status="PASS" signature="startReport()[pri:0, instance:com.phptravells.script.LoginPage@402a079c]" name="startReport" is-config="true" duration-ms="352" started-at="2019-09-19T08:05:28Z" finished-at="2019-09-19T08:05:29Z">
          <reporter-output>
          </reporter-output>
        </test-method> <!-- startReport -->
        <test-method status="PASS" signature="configSetup()[pri:0, instance:com.phptravells.script.LoginPage@402a079c]" name="configSetup" is-config="true" duration-ms="16230" started-at="2019-09-19T08:05:29Z" finished-at="2019-09-19T08:05:45Z">
          <reporter-output>
          </reporter-output>
        </test-method> <!-- configSetup -->
        <test-method status="PASS" signature="loginPage(java.lang.String, java.lang.String)[pri:1, instance:com.phptravells.script.LoginPage@402a079c]" name="loginPage" duration-ms="14238" started-at="2019-09-19T08:05:46Z" data-provider="logininput" finished-at="2019-09-19T08:06:00Z">
          <params>
            <param index="0">
              <value>
                <![CDATA[user@phptravels.com]]>
              </value>
            </param>
            <param index="1">
              <value>
                <![CDATA[demouser]]>
              </value>
            </param>
          </params>
          <reporter-output>
          </reporter-output>
        </test-method> <!-- loginPage -->
        <test-method status="PASS" signature="tearDown(org.testng.ITestResult)[pri:0, instance:com.phptravells.script.LoginPage@402a079c]" name="tearDown" is-config="true" duration-ms="1466" started-at="2019-09-19T08:06:00Z" finished-at="2019-09-19T08:06:02Z">
          <params>
            <param index="0">
              <value>
                <![CDATA[[TestResult name=loginPage status=SUCCESS method=LoginPage.loginPage(java.lang.String, java.lang.String)[pri:1, instance:com.phptravells.script.LoginPage@402a079c] output={null}]]]>
              </value>
            </param>
          </params>
          <reporter-output>
          </reporter-output>
        </test-method> <!-- tearDown -->
        <test-method status="PASS" signature="endReport()[pri:0, instance:com.phptravells.script.LoginPage@402a079c]" name="endReport" is-config="true" duration-ms="1448" started-at="2019-09-19T08:07:11Z" finished-at="2019-09-19T08:07:12Z">
          <reporter-output>
          </reporter-output>
        </test-method> <!-- endReport -->
      </class> <!-- com.phptravells.script.LoginPage -->
      <class name="com.phptravells.script.CarBookPayNow">
        <test-method status="PASS" signature="carTwoBookingPayNow(java.lang.String, java.lang.String, java.lang.String, java.lang.String)[pri:4, instance:com.phptravells.script.CarBookPayNow@2f686d1f]" name="carTwoBookingPayNow" duration-ms="12340" started-at="2019-09-19T08:06:58Z" data-provider="CartwoBookingpaynow" finished-at="2019-09-19T08:07:10Z">
          <params>
            <param index="0">
              <value>
                <![CDATA[Mohit]]>
              </value>
            </param>
            <param index="1">
              <value>
                <![CDATA[Jaiswal]]>
              </value>
            </param>
            <param index="2">
              <value>
                <![CDATA[1234567892]]>
              </value>
            </param>
            <param index="3">
              <value>
                <![CDATA[900]]>
              </value>
            </param>
          </params>
          <reporter-output>
          </reporter-output>
        </test-method> <!-- carTwoBookingPayNow -->
        <test-method status="PASS" signature="tearDown(org.testng.ITestResult)[pri:0, instance:com.phptravells.script.CarBookPayNow@2f686d1f]" name="tearDown" is-config="true" duration-ms="360" started-at="2019-09-19T08:07:10Z" finished-at="2019-09-19T08:07:11Z">
          <params>
            <param index="0">
              <value>
                <![CDATA[[TestResult name=carTwoBookingPayNow status=SUCCESS method=CarBookPayNow.carTwoBookingPayNow(java.lang.String, java.lang.String, java.lang.String, java.lang.String)[pri:4, instance:com.phptravells.script.CarBookPayNow@2f686d1f] output={null}]]]>
              </value>
            </param>
          </params>
          <reporter-output>
          </reporter-output>
        </test-method> <!-- tearDown -->
      </class> <!-- com.phptravells.script.CarBookPayNow -->
      <class name="com.phptravells.script.CarFirstBookingPayArrival">
        <test-method status="PASS" signature="carBookinPayArrival(java.lang.String, java.lang.String, java.lang.String)[pri:2, instance:com.phptravells.script.CarFirstBookingPayArrival@59ec2012]" name="carBookinPayArrival" duration-ms="27680" started-at="2019-09-19T08:06:02Z" data-provider="CarBooking" finished-at="2019-09-19T08:06:30Z">
          <params>
            <param index="0">
              <value>
                <![CDATA[Manchester]]>
              </value>
            </param>
            <param index="1">
              <value>
                <![CDATA[21/10/2019]]>
              </value>
            </param>
            <param index="2">
              <value>
                <![CDATA[31/10/2019]]>
              </value>
            </param>
          </params>
          <reporter-output>
          </reporter-output>
        </test-method> <!-- carBookinPayArrival -->
        <test-method status="PASS" signature="tearDown(org.testng.ITestResult)[pri:0, instance:com.phptravells.script.CarFirstBookingPayArrival@59ec2012]" name="tearDown" is-config="true" duration-ms="339" started-at="2019-09-19T08:06:30Z" finished-at="2019-09-19T08:06:30Z">
          <params>
            <param index="0">
              <value>
                <![CDATA[[TestResult name=carBookinPayArrival status=SUCCESS method=CarFirstBookingPayArrival.carBookinPayArrival(java.lang.String, java.lang.String, java.lang.String)[pri:2, instance:com.phptravells.script.CarFirstBookingPayArrival@59ec2012] output={null}]]]>
              </value>
            </param>
          </params>
          <reporter-output>
          </reporter-output>
        </test-method> <!-- tearDown -->
      </class> <!-- com.phptravells.script.CarFirstBookingPayArrival -->
    </test> <!-- Test -->
  </suite> <!-- Suite -->
</testng-results>
