<?xml version="1.0" encoding="UTF-8"?>
<!-- Generated by org.testng.reporters.JUnitXMLReporter -->
<testsuite hostname="ATMECSINLT-065" ignored="9" name="Test" tests="4" failures="1" timestamp="2019-09-24T12:53:12 IST" time="117.313" errors="0">
  <testcase name="loginPage" time="21.205" classname="com.phptravells.script.LoginPage"/>
  <testcase name="carBookinPayArrival" time="26.131" classname="com.phptravells.script.CarFirstBookingPayArrival">
    <failure type="org.openqa.selenium.UnhandledAlertException" message="unexpected alert open: {Alert text : Are you sure you want to pay at arrival?}
  (Session info: chrome=77.0.3865.90): Are you sure you want to pay at arrival?
Build info: version: &amp;apos;4.0.0-alpha-2&amp;apos;, revision: &amp;apos;f148142cf8&amp;apos;, time: &amp;apos;2019-07-01T20:55:26&amp;apos;
System info: host: &amp;apos;ATMECSINLT-065&amp;apos;, ip: &amp;apos;55.55.52.104&amp;apos;, os.name: &amp;apos;Windows 10&amp;apos;, os.arch: &amp;apos;amd64&amp;apos;, os.version: &amp;apos;10.0&amp;apos;, java.version: &amp;apos;1.8.0_221&amp;apos;
Driver info: org.openqa.selenium.chrome.ChromeDriver
Capabilities {acceptInsecureCerts: false, browserName: chrome, browserVersion: 77.0.3865.90, chrome: {chromedriverVersion: 76.0.3809.126 (d80a294506b4..., userDataDir: C:\Users\MOHIT~1.JAI\AppDat...}, goog:chromeOptions: {debuggerAddress: localhost:54313}, javascriptEnabled: true, networkConnectionEnabled: false, pageLoadStrategy: normal, platform: XP, platformName: XP, proxy: Proxy(), setWindowRect: true, strictFileInteractability: false, timeouts: {implicit: 0, pageLoad: 300000, script: 30000}, unhandledPromptBehavior: dismiss and notify}
Session ID: 87bf01bd8738740161167bf6b4201f00
*** Element info: {Using=xpath, value=//button[text()=&amp;apos;Pay on Arrival&amp;apos;]}">
      <![CDATA[org.openqa.selenium.UnhandledAlertException: unexpected alert open: {Alert text : Are you sure you want to pay at arrival?}
  (Session info: chrome=77.0.3865.90): Are you sure you want to pay at arrival?
Build info: version: '4.0.0-alpha-2', revision: 'f148142cf8', time: '2019-07-01T20:55:26'
System info: host: 'ATMECSINLT-065', ip: '55.55.52.104', os.name: 'Windows 10', os.arch: 'amd64', os.version: '10.0', java.version: '1.8.0_221'
Driver info: org.openqa.selenium.chrome.ChromeDriver
Capabilities {acceptInsecureCerts: false, browserName: chrome, browserVersion: 77.0.3865.90, chrome: {chromedriverVersion: 76.0.3809.126 (d80a294506b4..., userDataDir: C:\Users\MOHIT~1.JAI\AppDat...}, goog:chromeOptions: {debuggerAddress: localhost:54313}, javascriptEnabled: true, networkConnectionEnabled: false, pageLoadStrategy: normal, platform: XP, platformName: XP, proxy: Proxy(), setWindowRect: true, strictFileInteractability: false, timeouts: {implicit: 0, pageLoad: 300000, script: 30000}, unhandledPromptBehavior: dismiss and notify}
Session ID: 87bf01bd8738740161167bf6b4201f00
*** Element info: {Using=xpath, value=//button[text()='Pay on Arrival']}
at org.openqa.selenium.remote.codec.w3c.W3CHttpResponseCodec.decode(W3CHttpResponseCodec.java:123)
at org.openqa.selenium.remote.codec.w3c.W3CHttpResponseCodec.decode(W3CHttpResponseCodec.java:52)
at org.openqa.selenium.remote.HttpCommandExecutor.execute(HttpCommandExecutor.java:161)
at org.openqa.selenium.remote.service.DriverCommandExecutor.execute(DriverCommandExecutor.java:83)
at org.openqa.selenium.remote.RemoteWebDriver.execute(RemoteWebDriver.java:576)
at org.openqa.selenium.remote.RemoteWebDriver.findElement(RemoteWebDriver.java:327)
at org.openqa.selenium.remote.RemoteWebDriver.findElementByXPath(RemoteWebDriver.java:445)
at org.openqa.selenium.By$ByXPath.findElement(By.java:353)
at org.openqa.selenium.remote.RemoteWebDriver.findElement(RemoteWebDriver.java:319)
at com.phptravells.helper.CommonUtility$1.apply(CommonUtility.java:35)
at com.phptravells.helper.CommonUtility$1.apply(CommonUtility.java:1)
at org.openqa.selenium.support.ui.FluentWait.until(FluentWait.java:211)
at com.phptravells.helper.CommonUtility.clickElement(CommonUtility.java:33)
at com.phptravells.pages.CarFirstBookingPayArrivalFlow.carFirstPayArrival1(CarFirstBookingPayArrivalFlow.java:88)
at com.phptravells.script.CarFirstBookingPayArrival.carBookinPayArrival(CarFirstBookingPayArrival.java:48)
at java.util.ArrayList.forEach(Unknown Source)
... Removed 31 stack frames]]>
    </failure>
  </testcase> <!-- carBookinPayArrival -->
  <testcase name="carTwoBooking" time="33.23" classname="com.phptravells.script.CarTwoBooking"/>
  <testcase name="carTwoBookingPayNow" time="15.237" classname="com.phptravells.script.CarBookPayNow"/>
  <testcase name="@BeforeTest configSetup" time="0.0" classname="com.phptravells.driver.Driver_Class">
    <ignored/>
  </testcase> <!-- @BeforeTest configSetup -->
  <testcase name="@BeforeTest configSetup" time="0.0" classname="com.phptravells.driver.Driver_Class">
    <ignored/>
  </testcase> <!-- @BeforeTest configSetup -->
  <testcase name="@BeforeTest configSetup" time="0.0" classname="com.phptravells.driver.Driver_Class">
    <ignored/>
  </testcase> <!-- @BeforeTest configSetup -->
  <testcase name="@BeforeSuite startReport" time="0.0" classname="com.phpautomation.extendreport.Extent">
    <ignored/>
  </testcase> <!-- @BeforeSuite startReport -->
  <testcase name="@BeforeSuite startReport" time="0.0" classname="com.phpautomation.extendreport.Extent">
    <ignored/>
  </testcase> <!-- @BeforeSuite startReport -->
  <testcase name="@BeforeSuite startReport" time="0.0" classname="com.phpautomation.extendreport.Extent">
    <ignored/>
  </testcase> <!-- @BeforeSuite startReport -->
  <testcase name="@AfterSuite endReport" time="0.0" classname="com.phpautomation.extendreport.Extent">
    <ignored/>
  </testcase> <!-- @AfterSuite endReport -->
  <testcase name="@AfterSuite endReport" time="0.0" classname="com.phpautomation.extendreport.Extent">
    <ignored/>
  </testcase> <!-- @AfterSuite endReport -->
  <testcase name="@AfterSuite endReport" time="0.0" classname="com.phpautomation.extendreport.Extent">
    <ignored/>
  </testcase> <!-- @AfterSuite endReport -->
</testsuite> <!-- Test -->
