<?xml version="1.0" encoding="UTF-8"?>
<!-- Generated by org.testng.reporters.JUnitXMLReporter -->
<testsuite hostname="ATMECSINLT-065" ignored="9" name="Test(failed)" tests="4" failures="0" timestamp="17 Sep 2019 10:15:29 GMT" time="112.689" errors="0">
  <testcase name="loginPage" time="15.494" classname="com.phptravells.script.LoginPage"/>
  <testcase name="carBookinPayArrival" time="30.911" classname="com.phptravells.script.CarFirstBookingPayArrival"/>
  <testcase name="carTwoBooking" time="33.185" classname="com.phptravells.script.CarTwoBooking"/>
  <testcase name="carTwoBookingPayNow" time="15.375" classname="com.phptravells.script.CarBookPayNow"/>
  <testcase name="@BeforeSuite startReport" time="0.0" classname="com.phpautomation.extendreport.Extent">
    <ignored/>
  </testcase> <!-- @BeforeSuite startReport -->
  <testcase name="@BeforeSuite startReport" time="0.0" classname="com.phpautomation.extendreport.Extent">
    <ignored/>
  </testcase> <!-- @BeforeSuite startReport -->
  <testcase name="@BeforeSuite startReport" time="0.0" classname="com.phpautomation.extendreport.Extent">
    <ignored/>
  </testcase> <!-- @BeforeSuite startReport -->
  <testcase name="@BeforeTest configSetup" time="0.0" classname="com.phptravells.Driver.Driver_Class">
    <ignored/>
  </testcase> <!-- @BeforeTest configSetup -->
  <testcase name="@BeforeTest configSetup" time="0.0" classname="com.phptravells.Driver.Driver_Class">
    <ignored/>
  </testcase> <!-- @BeforeTest configSetup -->
  <testcase name="@BeforeTest configSetup" time="0.0" classname="com.phptravells.Driver.Driver_Class">
    <ignored/>
  </testcase> <!-- @BeforeTest configSetup -->
  <testcase name="@AfterSuite endReport" time="0.0" classname="com.phpautomation.extendreport.Extent">
    <ignored/>
  </testcase> <!-- @AfterSuite endReport -->
  <testcase name="@AfterSuite endReport" time="0.0" classname="com.phpautomation.extendreport.Extent">
    <ignored/>
  </testcase> <!-- @AfterSuite endReport -->
  <testcase name="@AfterSuite endReport" time="0.0" classname="com.phpautomation.extendreport.Extent">
    <ignored/>
  </testcase> <!-- @AfterSuite endReport -->
</testsuite> <!-- Test(failed) -->
